Configuring http-conduit-2.1.8...
Building http-conduit-2.1.8...
Preprocessing library http-conduit-2.1.8...
[1 of 2] Compiling Network.HTTP.Client.Conduit ( Network/HTTP/Client/Conduit.hs, .stack-work/dist/x86_64-osx/Cabal-1.22.4.0/build/Network/HTTP/Client/Conduit.o )

Network/HTTP/Client/Conduit.hs:47:1: Warning:
    The import of ‘Network.HTTP.Client’ is redundant
      except perhaps to import instances from ‘Network.HTTP.Client’
    To import instances alone, use: import Network.HTTP.Client()
[2 of 2] Compiling Network.HTTP.Conduit ( Network/HTTP/Conduit.hs, .stack-work/dist/x86_64-osx/Cabal-1.22.4.0/build/Network/HTTP/Conduit.o )

Network/HTTP/Conduit.hs:220:1: Warning:
    The import of ‘Control.Applicative’ is redundant
      except perhaps to import instances from ‘Control.Applicative’
    To import instances alone, use: import Control.Applicative()

Network/HTTP/Conduit.hs:221:1: Warning:
    The import of ‘Control.Exception.Lifted’ is redundant
      except perhaps to import instances from ‘Control.Exception.Lifted’
    To import instances alone, use: import Control.Exception.Lifted()
In-place registering http-conduit-2.1.8...
Installing library in
/Users/hoffmeyer/.stack/snapshots/x86_64-osx/lts-4.1/7.10.2/lib/x86_64-osx-ghc-7.10.2/http-conduit-2.1.8-KuMCHKZrsNbIDKCwMoF4f3
Registering http-conduit-2.1.8...
